<?xml version="1.0" encoding="UTF-8"?>
<robot generator="Robot 5.0 (Python 3.10.4 on win32)" generated="20220506 09:37:33.503" rpa="false" schemaversion="3">
<suite id="s1" name="Demo4 Suite" source="D:\robot_project\selenium_suite\demo4_suite.robot">
<test id="s1-t1" name="TC1" line="6">
<kw name="Append To Environment Variable" library="OperatingSystem">
<arg>path</arg>
<arg>D:\\robot_project\\driver</arg>
<doc>Appends given ``values`` to environment variable ``name``.</doc>
<msg timestamp="20220506 09:37:33.693" level="INFO">Environment variable 'path' set to value 'C:\Program Files\Eclipse Adoptium\jdk-8.0.322.6-hotspot\bin;C:\Program Files\Common Files\Oracle\Java\javapath;C:\ProgramData\Oracle\Java\javapath;C:\Program Files (x86)\Common Files\Oracle\Java\javapath;C:\Windows\system32;C:\Windows;C:\Windows\System32\Wbem;C:\Windows\System32\WindowsPowerShell\v1.0\;C:\Windows\System32\OpenSSH\;C:\Program Files (x86)\NVIDIA Corporation\PhysX\Common;C:\Program Files\NVIDIA Corporation\NVIDIA NvDLISR;C:\WINDOWS\system32;C:\WINDOWS;C:\WINDOWS\System32\Wbem;C:\WINDOWS\System32\WindowsPowerShell\v1.0\;C:\WINDOWS\System32\OpenSSH\;C:\Program Files\Git\cmd;C:\Program Files (x86)\dotnet\;C:\Program Files\Microsoft SQL Server\Client SDK\ODBC\170\Tools\Binn\;C:\Program Files (x86)\Microsoft SQL Server\150\Tools\Binn\;C:\Program Files\Microsoft SQL Server\150\Tools\Binn\;C:\Program Files\Microsoft SQL Server\150\DTS\Binn\;C:\Program Files (x86)\Microsoft SQL Server\150\DTS\Binn\;C:\Program Files\Azure Data Studio\bin;C:\Users\raghu\AppData\Local\Programs\Python\Python310\Scripts\;C:\Users\raghu\AppData\Local\Programs\Python\Python310\;C:\Users\raghu\AppData\Local\Programs\Python\Python310;C:\Python\Scripts\;C:\Python\;C:\Users\raghu\AppData\Local\Microsoft\WindowsApps;C:\Users\raghu\AppData\Local\Programs\Microsoft VS Code\bin;C:\Users\raghu\.dotnet\tools;C:\Program Files\Azure Data Studio\bin;C:\Program Files\CMake\bin;;D:\robot_project\driver'.</msg>
<status status="PASS" starttime="20220506 09:37:33.692" endtime="20220506 09:37:33.693"/>
</kw>
<kw name="Open Browser" library="SeleniumLibrary">
<arg>browser=chrome</arg>
<doc>Opens a new browser instance to the optional ``url``.</doc>
<msg timestamp="20220506 09:37:33.693" level="INFO">Opening browser 'chrome' to base url 'None'.</msg>
<status status="PASS" starttime="20220506 09:37:33.693" endtime="20220506 09:37:35.018"/>
</kw>
<kw name="Maximize Browser Window" library="SeleniumLibrary">
<doc>Maximizes current browser window.</doc>
<status status="PASS" starttime="20220506 09:37:35.018" endtime="20220506 09:37:35.145"/>
</kw>
<kw name="Go To" library="SeleniumLibrary">
<arg>url=https://www.salesforce.com/in/form/signup/freetrial-sales/</arg>
<doc>Navigates the current browser window to the provided ``url``.</doc>
<msg timestamp="20220506 09:37:35.145" level="INFO">Opening url 'https://www.salesforce.com/in/form/signup/freetrial-sales/'</msg>
<status status="PASS" starttime="20220506 09:37:35.145" endtime="20220506 09:37:40.368"/>
</kw>
<kw name="Input Text" library="SeleniumLibrary">
<arg>name=UserFirstName</arg>
<arg>john</arg>
<doc>Types the given ``text`` into the text field identified by ``locator``.</doc>
<msg timestamp="20220506 09:37:40.369" level="INFO">Typing text 'john' into text field 'name=UserFirstName'.</msg>
<status status="PASS" starttime="20220506 09:37:40.369" endtime="20220506 09:37:40.453"/>
</kw>
<kw name="Input Text" library="SeleniumLibrary">
<arg>name=UserLastName</arg>
<arg>wick</arg>
<doc>Types the given ``text`` into the text field identified by ``locator``.</doc>
<msg timestamp="20220506 09:37:40.454" level="INFO">Typing text 'wick' into text field 'name=UserLastName'.</msg>
<status status="PASS" starttime="20220506 09:37:40.454" endtime="20220506 09:37:40.541"/>
</kw>
<kw name="Input Text" library="SeleniumLibrary">
<arg>name=UserEmail</arg>
<arg>johnwick@gmail.com</arg>
<doc>Types the given ``text`` into the text field identified by ``locator``.</doc>
<msg timestamp="20220506 09:37:40.541" level="INFO">Typing text 'johnwick@gmail.com' into text field 'name=UserEmail'.</msg>
<status status="PASS" starttime="20220506 09:37:40.541" endtime="20220506 09:37:40.662"/>
</kw>
<kw name="Select From List By Label" library="SeleniumLibrary">
<arg>name=UserTitle</arg>
<arg>IT Manager</arg>
<doc>Selects options from selection list ``locator`` by ``labels``.</doc>
<msg timestamp="20220506 09:37:40.663" level="INFO">Selecting options from selection list 'name=UserTitle' by label IT Manager.</msg>
<status status="PASS" starttime="20220506 09:37:40.663" endtime="20220506 09:37:40.731"/>
</kw>
<kw name="Input Text" library="SeleniumLibrary">
<arg>name=CompanyName</arg>
<arg>LT</arg>
<doc>Types the given ``text`` into the text field identified by ``locator``.</doc>
<msg timestamp="20220506 09:37:40.732" level="INFO">Typing text 'LT' into text field 'name=CompanyName'.</msg>
<status status="PASS" starttime="20220506 09:37:40.732" endtime="20220506 09:37:40.800"/>
</kw>
<kw name="Select From List By Label" library="SeleniumLibrary">
<arg>name=CompanyEmployees</arg>
<arg>101 - 500 employees</arg>
<doc>Selects options from selection list ``locator`` by ``labels``.</doc>
<msg timestamp="20220506 09:37:40.801" level="INFO">Selecting options from selection list 'name=CompanyEmployees' by label 101 - 500 employees.</msg>
<status status="PASS" starttime="20220506 09:37:40.801" endtime="20220506 09:37:40.867"/>
</kw>
<kw name="Select From List By Label" library="SeleniumLibrary">
<arg>name=CompanyCountry</arg>
<arg>United Kingdom</arg>
<doc>Selects options from selection list ``locator`` by ``labels``.</doc>
<msg timestamp="20220506 09:37:40.867" level="INFO">Selecting options from selection list 'name=CompanyCountry' by label United Kingdom.</msg>
<status status="PASS" starttime="20220506 09:37:40.867" endtime="20220506 09:37:40.949"/>
</kw>
<kw name="Click Element" library="SeleniumLibrary">
<arg>xpath=(//div[@class='checkbox-ui'])</arg>
<doc>Click the element identified by ``locator``.</doc>
<msg timestamp="20220506 09:37:40.950" level="INFO">Clicking element 'xpath=(//div[@class='checkbox-ui'])'.</msg>
<status status="PASS" starttime="20220506 09:37:40.949" endtime="20220506 09:37:40.997"/>
</kw>
<kw name="Click Element" library="SeleniumLibrary">
<arg>name=start my free trial</arg>
<doc>Click the element identified by ``locator``.</doc>
<msg timestamp="20220506 09:37:40.998" level="INFO">Clicking element 'name=start my free trial'.</msg>
<status status="PASS" starttime="20220506 09:37:40.998" endtime="20220506 09:37:41.078"/>
</kw>
<kw name="Element Text Should Be" library="SeleniumLibrary">
<arg>xpath=//span[contains(@id,'UserPhone')]</arg>
<arg>Enter a valid phone number</arg>
<doc>Verifies that element ``locator`` contains exact the text ``expected``.</doc>
<msg timestamp="20220506 09:37:41.079" level="INFO">Verifying element 'xpath=//span[contains(@id,'UserPhone')]' contains exact text 'Enter a valid phone number'.</msg>
<status status="PASS" starttime="20220506 09:37:41.078" endtime="20220506 09:37:41.099"/>
</kw>
<status status="PASS" starttime="20220506 09:37:33.692" endtime="20220506 09:37:41.099"/>
</test>
<status status="PASS" starttime="20220506 09:37:33.504" endtime="20220506 09:37:41.101"/>
</suite>
<statistics>
<total>
<stat pass="1" fail="0" skip="0">All Tests</stat>
</total>
<tag>
</tag>
<suite>
<stat pass="1" fail="0" skip="0" id="s1" name="Demo4 Suite">Demo4 Suite</stat>
</suite>
</statistics>
<errors>
</errors>
</robot>
